# JRE version: OpenJDK Runtime Environment Temurin-17.0.15+6 (17.0.15+6) (build 17.0.15+6)
# Java VM: OpenJDK 64-Bit Server VM Temurin-17.0.15+6 (17.0.15+6, mixed mode, sharing, tiered, compressed oops, compressed class ptrs, g1 gc, windows-amd64)
GC Precious Log:
 CPUs: 22 total, 22 available
 Memory: 32276M
 Large Page Support: Disabled
 NUMA Support: Disabled
 Compressed Oops: Enabled (Zero based)
 Heap Region Size: 4M
 Heap Min Capacity: 8M
 Heap Initial Capacity: 508M
 Heap Max Capacity: 6G
 Pre-touch: Disabled
 Parallel Workers: 16
 Concurrent Workers: 4
 Concurrent Refinement Workers: 16
 Periodic GC: Disabled
Heap:
 garbage-first heap   total 868352K, used 587134K [0x0000000680000000, 0x0000000800000000)
  region size 4096K, 97 young (397312K), 10 survivors (40960K)
 Metaspace       used 129658K, committed 131328K, reserved 983040K
  class space    used 17479K, committed 18240K, reserved 851968K
GC Heap History (20 events):
Event: 12.339 GC heap before
{Heap before GC invocations=27 (full 0):
 garbage-first heap   total 315392K, used 241581K [0x0000000680000000, 0x0000000800000000)
  region size 4096K, 32 young (131072K), 3 survivors (12288K)
 Metaspace       used 95861K, committed 96768K, reserved 983040K
  class space    used 13391K, committed 13824K, reserved 851968K
}
Event: 12.342 GC heap after
{Heap after GC invocations=28 (full 0):
 garbage-first heap   total 315392K, used 132344K [0x0000000680000000, 0x0000000800000000)
  region size 4096K, 4 young (16384K), 4 survivors (16384K)
 Metaspace       used 95861K, committed 96768K, reserved 983040K
  class space    used 13391K, committed 13824K, reserved 851968K
}
Event: 13.039 GC heap before
{Heap before GC invocations=28 (full 0):
 garbage-first heap   total 315392K, used 247032K [0x0000000680000000, 0x0000000800000000)
  region size 4096K, 33 young (135168K), 4 survivors (16384K)
 Metaspace       used 98039K, committed 99072K, reserved 983040K
  class space    used 13752K, committed 14272K, reserved 851968K
}
Event: 13.044 GC heap after
{Heap after GC invocations=29 (full 0):
 garbage-first heap   total 315392K, used 149545K [0x0000000680000000, 0x0000000800000000)
  region size 4096K, 5 young (20480K), 5 survivors (20480K)
 Metaspace       used 98039K, committed 99072K, reserved 983040K
  class space    used 13752K, committed 14272K, reserved 851968K
}
Event: 13.342 GC heap before
{Heap before GC invocations=29 (full 0):
 garbage-first heap   total 315392K, used 243753K [0x0000000680000000, 0x0000000800000000)
  region size 4096K, 29 young (118784K), 5 survivors (20480K)
 Metaspace       used 98218K, committed 99328K, reserved 983040K
  class space    used 13768K, committed 14272K, reserved 851968K
}
Event: 13.346 GC heap after
{Heap after GC invocations=30 (full 0):
 garbage-first heap   total 315392K, used 156780K [0x0000000680000000, 0x0000000800000000)
  region size 4096K, 2 young (8192K), 2 survivors (8192K)
 Metaspace       used 98218K, committed 99328K, reserved 983040K
  class space    used 13768K, committed 14272K, reserved 851968K
}
Event: 13.760 GC heap before
{Heap before GC invocations=30 (full 0):
 garbage-first heap   total 315392K, used 246892K [0x0000000680000000, 0x0000000800000000)
  region size 4096K, 25 young (102400K), 2 survivors (8192K)
 Metaspace       used 98744K, committed 99904K, reserved 983040K
  class space    used 13834K, committed 14400K, reserved 851968K
}
Event: 13.764 GC heap after
{Heap after GC invocations=31 (full 0):
 garbage-first heap   total 380928K, used 168922K [0x0000000680000000, 0x0000000800000000)
  region size 4096K, 4 young (16384K), 4 survivors (16384K)
 Metaspace       used 98744K, committed 99904K, reserved 983040K
  class space    used 13834K, committed 14400K, reserved 851968K
}
Event: 14.182 GC heap before
{Heap before GC invocations=32 (full 0):
 garbage-first heap   total 380928K, used 291802K [0x0000000680000000, 0x0000000800000000)
  region size 4096K, 35 young (143360K), 4 survivors (16384K)
 Metaspace       used 99127K, committed 100288K, reserved 983040K
  class space    used 13881K, committed 14464K, reserved 851968K
}
Event: 14.187 GC heap after
{Heap after GC invocations=33 (full 0):
 garbage-first heap   total 380928K, used 178944K [0x0000000680000000, 0x0000000800000000)
  region size 4096K, 3 young (12288K), 3 survivors (12288K)
 Metaspace       used 99127K, committed 100288K, reserved 983040K
  class space    used 13881K, committed 14464K, reserved 851968K
}
Event: 14.189 GC heap before
{Heap before GC invocations=33 (full 0):
 garbage-first heap   total 380928K, used 183040K [0x0000000680000000, 0x0000000800000000)
  region size 4096K, 4 young (16384K), 3 survivors (12288K)
 Metaspace       used 99127K, committed 100288K, reserved 983040K
  class space    used 13881K, committed 14464K, reserved 851968K
}
Event: 14.193 GC heap after
{Heap after GC invocations=34 (full 0):
 garbage-first heap   total 380928K, used 178269K [0x0000000680000000, 0x0000000800000000)
  region size 4096K, 1 young (4096K), 1 survivors (4096K)
 Metaspace       used 99127K, committed 100288K, reserved 983040K
  class space    used 13881K, committed 14464K, reserved 851968K
}
Event: 14.564 GC heap before
{Heap before GC invocations=34 (full 0):
 garbage-first heap   total 380928K, used 297053K [0x0000000680000000, 0x0000000800000000)
  region size 4096K, 30 young (122880K), 1 survivors (4096K)
 Metaspace       used 99443K, committed 100608K, reserved 983040K
  class space    used 13911K, committed 14464K, reserved 851968K
}
Event: 14.567 GC heap after
{Heap after GC invocations=35 (full 0):
 garbage-first heap   total 380928K, used 185029K [0x0000000680000000, 0x0000000800000000)
  region size 4096K, 3 young (12288K), 3 survivors (12288K)
 Metaspace       used 99443K, committed 100608K, reserved 983040K
  class space    used 13911K, committed 14464K, reserved 851968K
}
Event: 15.175 GC heap before
{Heap before GC invocations=36 (full 0):
 garbage-first heap   total 380928K, used 295621K [0x0000000680000000, 0x0000000800000000)
  region size 4096K, 30 young (122880K), 3 survivors (12288K)
 Metaspace       used 100501K, committed 101696K, reserved 983040K
  class space    used 14019K, committed 14592K, reserved 851968K
}
Event: 15.180 GC heap after
{Heap after GC invocations=37 (full 0):
 garbage-first heap   total 380928K, used 200826K [0x0000000680000000, 0x0000000800000000)
  region size 4096K, 4 young (16384K), 4 survivors (16384K)
 Metaspace       used 100501K, committed 101696K, reserved 983040K
  class space    used 14019K, committed 14592K, reserved 851968K
}
Event: 15.195 GC heap before
{Heap before GC invocations=37 (full 0):
 garbage-first heap   total 380928K, used 204922K [0x0000000680000000, 0x0000000800000000)
  region size 4096K, 5 young (20480K), 4 survivors (16384K)
 Metaspace       used 100505K, committed 101696K, reserved 983040K
  class space    used 14021K, committed 14592K, reserved 851968K
}
Event: 15.202 GC heap after
{Heap after GC invocations=38 (full 0):
 garbage-first heap   total 868352K, used 202244K [0x0000000680000000, 0x0000000800000000)
  region size 4096K, 1 young (4096K), 1 survivors (4096K)
 Metaspace       used 100505K, committed 101696K, reserved 983040K
  class space    used 14021K, committed 14592K, reserved 851968K
}
Event: 19.019 GC heap before
{Heap before GC invocations=38 (full 0):
 garbage-first heap   total 868352K, used 603652K [0x0000000680000000, 0x0000000800000000)
  region size 4096K, 100 young (409600K), 1 survivors (4096K)
 Metaspace       used 122447K, committed 124032K, reserved 983040K
  class space    used 16781K, committed 17536K, reserved 851968K
}
Event: 19.034 GC heap after
{Heap after GC invocations=39 (full 0):
 garbage-first heap   total 868352K, used 238974K [0x0000000680000000, 0x0000000800000000)
  region size 4096K, 10 young (40960K), 10 survivors (40960K)
 Metaspace       used 122447K, committed 124032K, reserved 983040K
  class space    used 16781K, committed 17536K, reserved 851968K
}

